[debug] [2020-07-14T04:16:52.124Z] ----------------------------------------------------------------------
[debug] [2020-07-14T04:16:52.126Z] Command:       /usr/local/Cellar/node/13.10.1/bin/node /Users/lambda/Documents/Github/iedpu-us/iedpu-us/iedpu-us-web-app/node_modules/.bin/firebase deploy
[debug] [2020-07-14T04:16:52.126Z] CLI Version:   6.12.0
[debug] [2020-07-14T04:16:52.127Z] Platform:      darwin
[debug] [2020-07-14T04:16:52.127Z] Node Version:  v13.10.1
[debug] [2020-07-14T04:16:52.128Z] Time:          Tue Jul 14 2020 05:16:52 GMT+0100 (West Africa Standard Time)
[debug] [2020-07-14T04:16:52.128Z] ----------------------------------------------------------------------
[debug] 
[debug] [2020-07-14T04:16:52.138Z] > command requires scopes: ["email","openid","https://www.googleapis.com/auth/cloudplatformprojects.readonly","https://www.googleapis.com/auth/firebase","https://www.googleapis.com/auth/cloud-platform"]
[debug] [2020-07-14T04:16:52.138Z] > authorizing via signed-in user
[debug] [2020-07-14T04:16:52.138Z] [iam] checking project my-store-336dc for permissions ["cloudfunctions.functions.create","cloudfunctions.functions.delete","cloudfunctions.functions.get","cloudfunctions.functions.list","cloudfunctions.functions.update","cloudfunctions.operations.get","firebase.projects.get","firebasehosting.sites.update"]
[debug] [2020-07-14T04:16:52.140Z] > refreshing access token with scopes: ["email","https://www.googleapis.com/auth/cloud-platform","https://www.googleapis.com/auth/cloudplatformprojects.readonly","https://www.googleapis.com/auth/firebase","openid"]
[debug] [2020-07-14T04:16:52.140Z] >>> HTTP REQUEST POST https://www.googleapis.com/oauth2/v3/token  
 <request body omitted>
[debug] [2020-07-14T04:16:52.551Z] <<< HTTP RESPONSE 200
[debug] [2020-07-14T04:16:52.565Z] >>> HTTP REQUEST POST https://cloudresourcemanager.googleapis.com/v1/projects/my-store-336dc:testIamPermissions  

[debug] [2020-07-14T04:16:54.096Z] <<< HTTP RESPONSE 200
[debug] [2020-07-14T04:16:54.097Z] >>> HTTP REQUEST GET https://firebase.googleapis.com/v1beta1/projects/my-store-336dc  
 
[debug] [2020-07-14T04:16:54.590Z] <<< HTTP RESPONSE 200
[info] 
[info] === Deploying to 'my-store-336dc'...
[info] 
[info] i  deploying functions, hosting
[debug] [2020-07-14T04:16:55.806Z] > [functions] package.json contents: {
  "name": "with-firebase-hosting",
  "version": "4.0.1",
  "description": "Host Next.js SSR app on Firebase Cloud Functions with Firebase Hosting redirects.",
  "engines": {
    "node": "10"
  },
  "scripts": {
    "dev": "next \"src/app/\"",
    "preserve": "npm run build-public && npm run build-funcs && npm run build-app && npm run copy-deps && npm run install-deps",
    "serve": "cross-env NODE_ENV=production firebase serve",
    "predeploy": "npm run build-public && npm run build-funcs && npm run build-app && npm run copy-deps",
    "deploy": "NODE_ENV=production firebase deploy",
    "clean": "rimraf \"dist/functions/**\" && rimraf \"dist/public\"",
    "build-public": "cpx \"src/app/public/**/*.*\" \"dist/public\" -C",
    "build-funcs": "babel \"src/functions\" --out-dir \"dist/functions\"",
    "build-app": "next build \"src/app/\"",
    "copy-deps": "cpx \"*{package.json,package-lock.json,yarn.lock}\" \"dist/functions\" -C",
    "install-deps": "cd \"dist/functions\" && npm i"
  },
  "dependencies": {
    "@babel/runtime": "^7.10.2",
    "@date-io/date-fns": "^1.3.13",
    "@emotion/core": "^10.0.28",
    "@material-ui/core": "^4.10.1",
    "@material-ui/icons": "^4.9.1",
    "@material-ui/lab": "^4.0.0-alpha.56",
    "@material-ui/pickers": "^3.2.10",
    "chartist": "^0.11.4",
    "classnames": "^2.2.6",
    "clsx": "^1.1.1",
    "date-fns": "^2.14.0",
    "firebase": "^7.14.6",
    "firebase-admin": "^8.12.1",
    "firebase-functions": "^3.6.2",
    "firebaseui": "^4.5.1",
    "grpc": "^1.22.2",
    "next": "latest",
    "prop-types": "^15.7.2",
    "react": "^16.13.1",
    "react-add-to-calendar": "^0.1.5",
    "react-async-script-loader": "^0.3.0",
    "react-chartist": "^0.14.3",
    "react-dom": "^16.13.1",
    "react-image-gallery": "^1.0.7",
    "react-material-ui-form-validator": "^2.0.10",
    "react-router-dom": "^5.2.0",
    "react-slick": "^0.25.2",
    "react-spinners": "^0.8.3",
    "react-swipeable-views": "^0.13.9",
    "react-toastify": "^6.0.8",
    "react-with-firebase-auth": "^1.3.2",
    "sass": "^1.26.7"
  },
  "devDependencies": {
    "@babel/cli": "^7.10.1",
    "cpx": "^1.5.0",
    "cross-env": "^5.2.0",
    "eslint": "^6.8.0",
    "eslint-config-airbnb": "^18.1.0",
    "eslint-plugin-import": "^2.20.2",
    "eslint-plugin-jsx-a11y": "^6.2.3",
    "eslint-plugin-react": "^7.20.0",
    "eslint-plugin-react-hooks": "^2.5.1",
    "firebase-functions-test": "^0.1.6",
    "firebase-tools": "^6.1.0",
    "rimraf": "^2.6.0"
  }
}
[info] i  functions: ensuring necessary APIs are enabled...
[debug] [2020-07-14T04:16:55.807Z] >>> HTTP REQUEST GET https://servicemanagement.googleapis.com/v1/services/cloudfunctions.googleapis.com/projectSettings/my-store-336dc?view=CONSUMER_VIEW  
 
[debug] [2020-07-14T04:16:55.807Z] >>> HTTP REQUEST GET https://servicemanagement.googleapis.com/v1/services/runtimeconfig.googleapis.com/projectSettings/my-store-336dc?view=CONSUMER_VIEW  
 
[debug] [2020-07-14T04:16:57.804Z] <<< HTTP RESPONSE 200
[debug] [2020-07-14T04:16:57.881Z] <<< HTTP RESPONSE 200
[info] ✔  functions: all necessary APIs are enabled
[debug] [2020-07-14T04:16:57.882Z] >>> HTTP REQUEST GET https://cloudresourcemanager.googleapis.com/v1/projects/my-store-336dc  
 
[debug] [2020-07-14T04:16:59.218Z] <<< HTTP RESPONSE 200
[debug] [2020-07-14T04:16:59.218Z] >>> HTTP REQUEST GET https://mobilesdk-pa.googleapis.com/v1/projects/94747058938:getServerAppConfig  
 
[debug] [2020-07-14T04:16:59.792Z] <<< HTTP RESPONSE 200
[debug] [2020-07-14T04:16:59.793Z] >>> HTTP REQUEST POST https://firebasehosting.googleapis.com/v1beta1/sites/my-store-336dc/versions  

[debug] [2020-07-14T04:17:01.927Z] <<< HTTP RESPONSE 200
[info] i  functions: preparing dist/functions directory for uploading...
[debug] [2020-07-14T04:17:01.929Z] >>> HTTP REQUEST GET https://runtimeconfig.googleapis.com/v1beta1/projects/my-store-336dc/configs  
 
[debug] [2020-07-14T04:17:02.523Z] <<< HTTP RESPONSE 200
[info] i  functions: packaged dist/functions (2.75 MB) for uploading
[debug] [2020-07-14T04:17:03.876Z] >>> HTTP REQUEST POST https://cloudfunctions.googleapis.com/v1/projects/my-store-336dc/locations/us-central1/functions:generateUploadUrl  
 
[debug] [2020-07-14T04:17:05.157Z] <<< HTTP RESPONSE 200
[debug] [2020-07-14T04:17:05.157Z] >>> HTTP REQUEST PUT https://storage.googleapis.com/gcf-upload-us-central1-6982a50c-f9a5-4106-ab6b-c419edd6f711/d310ee79-9c0c-40f1-b85f-27ee1c90def8.zip?GoogleAccessId=service-94747058938@gcf-admin-robot.iam.gserviceaccount.com&Expires=1594702024&Signature=k6r44XO5c9jSByv2Au%2Fa1slPikH%2B0I9iy7YAaD0WJHvGT7Lu9n%2F0wUc43W0HORhQgjyqgWqDZHogr%2FBNjY4rmE4trod1mkBrlAxXn%2F4O6IwK3%2B6yBYiEeBIQOnfBgDz5B48c%2FtNqwSztVNrhmdOlWwd4c5uV3jsXYW6V7jufa9Rd%2BUiKQTalfb4HZO%2Ba%2FuH9sw%2B9FpAQK1PE0JfF1ybYkKhKI4QT7mVMgyOWGnESE3tCfdzc45WFjlUksoff6vezk%2BqTKVZ1BDCTrZGi5V4Lavmltcg7XwzrHBusHU%2BNIqzRcb7dxbMAXU0sLVAL3An0fRIdBhGI%2Fd7zTAnezElTNg%3D%3D  

[debug] [2020-07-14T04:17:07.842Z] <<< HTTP RESPONSE 200
[info] ✔  functions: dist/functions folder uploaded successfully
[info] i  hosting[my-store-336dc]: beginning deploy...
[info] i  hosting[my-store-336dc]: found 61 files in dist/public
[debug] [2020-07-14T04:17:07.852Z] [hosting] hash cache [ZGlzdC9wdWJsaWM] load error: lines is not defined
[debug] [2020-07-14T04:17:08.053Z] [hosting] hash cache [ZGlzdC9wdWJsaWM] stored for 61 files
[debug] [2020-07-14T04:17:08.054Z] [hosting][hash queue][FINAL]
[debug] [2020-07-14T04:17:08.054Z] >>> HTTP REQUEST POST https://firebasehosting.googleapis.com/v1beta1/sites/my-store-336dc/versions/df2c3c089c745f02:populateFiles  
 <request body omitted>
[debug] [2020-07-14T04:17:10.003Z] <<< HTTP RESPONSE 200
[debug] [2020-07-14T04:17:10.003Z] [hosting][populate queue][FINAL]
[debug] [2020-07-14T04:17:10.003Z] [hosting] uploads queued: 0
[debug] [2020-07-14T04:17:10.004Z] [hosting][upload queue][FINAL]
[info] ✔  hosting[my-store-336dc]: file upload complete
[debug] [2020-07-14T04:17:10.004Z] [hosting] deploy completed after 2161ms
[debug] [2020-07-14T04:17:10.331Z] >>> HTTP REQUEST GET https://cloudfunctions.googleapis.com/v1/projects/my-store-336dc/locations/-/functions  
 
[debug] [2020-07-14T04:17:10.936Z] <<< HTTP RESPONSE 200
[info] i  functions: updating Node.js 10 (Beta) function authOnDelete(us-central1)...
[debug] [2020-07-14T04:17:10.938Z] Trigger is:  {"eventTrigger":{"resource":"projects/my-store-336dc","eventType":"providers/firebase.auth/eventTypes/user.delete","service":"firebaseauth.googleapis.com"}}
[info] i  functions: updating Node.js 10 (Beta) function authOnCreate(us-central1)...
[debug] [2020-07-14T04:17:10.938Z] Trigger is:  {"eventTrigger":{"resource":"projects/my-store-336dc","eventType":"providers/firebase.auth/eventTypes/user.create","service":"firebaseauth.googleapis.com"}}
[info] i  functions: updating Node.js 10 (Beta) function next(us-central1)...
[debug] [2020-07-14T04:17:10.939Z] Trigger is:  {"httpsTrigger":{}}
[debug] [2020-07-14T04:17:10.939Z] >>> HTTP REQUEST GET https://servicemanagement.googleapis.com/v1/services/cloudscheduler.googleapis.com/projectSettings/my-store-336dc?view=CONSUMER_VIEW  
 
[debug] [2020-07-14T04:17:12.724Z] <<< HTTP RESPONSE 200
[debug] [2020-07-14T04:17:12.726Z] >>> HTTP REQUEST PATCH https://cloudfunctions.googleapis.com/v1/projects/my-store-336dc/locations/us-central1/functions/authOnDelete {"updateMask":"sourceUploadUrl,name,labels,runtime,eventTrigger.resource,eventTrigger.eventType,eventTrigger.service"} 

[debug] [2020-07-14T04:17:12.727Z] >>> HTTP REQUEST PATCH https://cloudfunctions.googleapis.com/v1/projects/my-store-336dc/locations/us-central1/functions/authOnCreate {"updateMask":"sourceUploadUrl,name,labels,runtime,eventTrigger.resource,eventTrigger.eventType,eventTrigger.service"} 

[debug] [2020-07-14T04:17:12.727Z] >>> HTTP REQUEST PATCH https://cloudfunctions.googleapis.com/v1/projects/my-store-336dc/locations/us-central1/functions/next {"updateMask":"sourceUploadUrl,name,labels,runtime,httpsTrigger"} 

[debug] [2020-07-14T04:17:13.640Z] <<< HTTP RESPONSE 200
[debug] [2020-07-14T04:17:13.644Z] <<< HTTP RESPONSE 200
[debug] [2020-07-14T04:17:13.645Z] <<< HTTP RESPONSE 200
[debug] [2020-07-14T04:17:13.646Z] >>> HTTP REQUEST GET https://cloudfunctions.googleapis.com/v1/projects/my-store-336dc/locations/-/functions  
 
[debug] [2020-07-14T04:17:14.255Z] <<< HTTP RESPONSE 200
[debug] [2020-07-14T04:17:14.256Z] >>> HTTP REQUEST GET https://cloudfunctions.googleapis.com/v1/operations/bXktc3RvcmUtMzM2ZGMvdXMtY2VudHJhbDEvYXV0aE9uRGVsZXRlL2tCak5HYjhKWTBJ  
 
[debug] [2020-07-14T04:17:14.256Z] >>> HTTP REQUEST GET https://cloudfunctions.googleapis.com/v1/operations/bXktc3RvcmUtMzM2ZGMvdXMtY2VudHJhbDEvYXV0aE9uQ3JlYXRlLzFkVDVzREhTeWRZ  
 
[debug] [2020-07-14T04:17:14.256Z] >>> HTTP REQUEST GET https://cloudfunctions.googleapis.com/v1/operations/bXktc3RvcmUtMzM2ZGMvdXMtY2VudHJhbDEvbmV4dC9jRjhDT1NIUnRhMA  
 
[debug] [2020-07-14T04:17:14.681Z] <<< HTTP RESPONSE 200
[debug] [2020-07-14T04:17:14.681Z] <<< HTTP RESPONSE 200
[debug] [2020-07-14T04:17:14.682Z] <<< HTTP RESPONSE 200
[debug] [2020-07-14T04:17:16.682Z] >>> HTTP REQUEST GET https://cloudfunctions.googleapis.com/v1/operations/bXktc3RvcmUtMzM2ZGMvdXMtY2VudHJhbDEvbmV4dC9jRjhDT1NIUnRhMA  
 
[debug] [2020-07-14T04:17:16.682Z] >>> HTTP REQUEST GET https://cloudfunctions.googleapis.com/v1/operations/bXktc3RvcmUtMzM2ZGMvdXMtY2VudHJhbDEvYXV0aE9uQ3JlYXRlLzFkVDVzREhTeWRZ  
 
[debug] [2020-07-14T04:17:16.682Z] >>> HTTP REQUEST GET https://cloudfunctions.googleapis.com/v1/operations/bXktc3RvcmUtMzM2ZGMvdXMtY2VudHJhbDEvYXV0aE9uRGVsZXRlL2tCak5HYjhKWTBJ  
 
[debug] [2020-07-14T04:17:17.095Z] <<< HTTP RESPONSE 200
[debug] [2020-07-14T04:17:17.127Z] <<< HTTP RESPONSE 200
[debug] [2020-07-14T04:17:17.134Z] <<< HTTP RESPONSE 200
[debug] [2020-07-14T04:17:19.098Z] >>> HTTP REQUEST GET https://cloudfunctions.googleapis.com/v1/operations/bXktc3RvcmUtMzM2ZGMvdXMtY2VudHJhbDEvbmV4dC9jRjhDT1NIUnRhMA  
 
[debug] [2020-07-14T04:17:19.127Z] >>> HTTP REQUEST GET https://cloudfunctions.googleapis.com/v1/operations/bXktc3RvcmUtMzM2ZGMvdXMtY2VudHJhbDEvYXV0aE9uRGVsZXRlL2tCak5HYjhKWTBJ  
 
[debug] [2020-07-14T04:17:19.134Z] >>> HTTP REQUEST GET https://cloudfunctions.googleapis.com/v1/operations/bXktc3RvcmUtMzM2ZGMvdXMtY2VudHJhbDEvYXV0aE9uQ3JlYXRlLzFkVDVzREhTeWRZ  
 
[debug] [2020-07-14T04:17:19.572Z] <<< HTTP RESPONSE 200
[debug] [2020-07-14T04:17:19.572Z] <<< HTTP RESPONSE 200
[debug] [2020-07-14T04:17:19.572Z] <<< HTTP RESPONSE 200
[debug] [2020-07-14T04:17:21.572Z] >>> HTTP REQUEST GET https://cloudfunctions.googleapis.com/v1/operations/bXktc3RvcmUtMzM2ZGMvdXMtY2VudHJhbDEvbmV4dC9jRjhDT1NIUnRhMA  
 
[debug] [2020-07-14T04:17:21.572Z] >>> HTTP REQUEST GET https://cloudfunctions.googleapis.com/v1/operations/bXktc3RvcmUtMzM2ZGMvdXMtY2VudHJhbDEvYXV0aE9uQ3JlYXRlLzFkVDVzREhTeWRZ  
 
[debug] [2020-07-14T04:17:21.574Z] >>> HTTP REQUEST GET https://cloudfunctions.googleapis.com/v1/operations/bXktc3RvcmUtMzM2ZGMvdXMtY2VudHJhbDEvYXV0aE9uRGVsZXRlL2tCak5HYjhKWTBJ  
 
